1636078803408	geckodriver	INFO	Listening on 127.0.0.1:51617
1636078864541	geckodriver	INFO	Listening on 127.0.0.1:51673
1636078867529	mozrunner::runner	INFO	Running command: "C:\\Program Files\\Mozilla Firefox\\firefox.exe" "--marionette" "--remote-debugging-port" "51674" "-no-remote" "-profile" "C:\\Users\\Barreto\\AppData\\Local\\Temp\\rust_mozprofile0lH36o"
1636078868025	Marionette	INFO	Marionette enabled
console.warn: SearchSettings: "get: No settings file exists, new profile?" (new NotFoundError("Could not open the file at C:\\Users\\Barreto\\AppData\\Local\\Temp\\rust_mozprofile0lH36o\\search.json.mozlz4", (void 0)))
DevTools listening on ws://localhost:51674/devtools/browser/5315f8d5-d6b8-4403-9701-f7512c409989
1636078870031	Marionette	INFO	Listening on port 51680
1636078870211	RemoteAgent	WARN	TLS certificate errors will be ignored for this session
JavaScript error: resource:///actors/FormValidationChild.jsm, line 177: TypeError: this._element is null
1636078871424	Marionette	INFO	Stopped listening on port 51680

###!!! [Parent][RunMessage] Error: Channel closing: too late to send/recv, messages will be lost

1636078887568	geckodriver	INFO	Listening on 127.0.0.1:51744
1636078890564	mozrunner::runner	INFO	Running command: "C:\\Program Files\\Mozilla Firefox\\firefox.exe" "--marionette" "--remote-debugging-port" "51745" "-no-remote" "-profile" "C:\\Users\\Barreto\\AppData\\Local\\Temp\\rust_mozprofileASmZfc"
1636078890898	Marionette	INFO	Marionette enabled
console.warn: SearchSettings: "get: No settings file exists, new profile?" (new NotFoundError("Could not open the file at C:\\Users\\Barreto\\AppData\\Local\\Temp\\rust_mozprofileASmZfc\\search.json.mozlz4", (void 0)))
DevTools listening on ws://localhost:51745/devtools/browser/81e310a2-be00-4399-997c-9fe5ec120bca
1636078892802	Marionette	INFO	Listening on port 51752
1636078893231	RemoteAgent	WARN	TLS certificate errors will be ignored for this session
JavaScript warning: https://www.oddsportal.com/res/x/global-211025085801.js, line 1: unreachable code after return statement
JavaScript warning: https://www.oddsportal.com/res/x/global-211025085801.js, line 1: unreachable code after return statement
JavaScript warning: https://cdn.ftd.agency/libs/e.js, line 47: WEBGL_debug_renderer_info is deprecated in Firefox and will be removed. Please use RENDERER.
1636078901890	Marionette	INFO	Stopped listening on port 51752
1636079244775	geckodriver	INFO	Listening on 127.0.0.1:62865
1636079247775	mozrunner::runner	INFO	Running command: "C:\\Program Files\\Mozilla Firefox\\firefox.exe" "--marionette" "--remote-debugging-port" "62866" "-no-remote" "-profile" "C:\\Users\\Barreto\\AppData\\Local\\Temp\\rust_mozprofile1EvHKc"
1636079248107	Marionette	INFO	Marionette enabled
console.warn: SearchSettings: "get: No settings file exists, new profile?" (new NotFoundError("Could not open the file at C:\\Users\\Barreto\\AppData\\Local\\Temp\\rust_mozprofile1EvHKc\\search.json.mozlz4", (void 0)))
DevTools listening on ws://localhost:62866/devtools/browser/ae061d47-2700-4441-9d9c-e9cace858b09
1636079250200	Marionette	INFO	Listening on port 62873
1636079250487	RemoteAgent	WARN	TLS certificate errors will be ignored for this session
JavaScript warning: https://www.oddsportal.com/res/x/global-211025085801.js, line 1: unreachable code after return statement
JavaScript warning: https://www.oddsportal.com/res/x/global-211025085801.js, line 1: unreachable code after return statement
JavaScript warning: https://cdn.ftd.agency/libs/e.js, line 47: WEBGL_debug_renderer_info is deprecated in Firefox and will be removed. Please use RENDERER.
1636079268048	Marionette	INFO	Stopped listening on port 62873

###!!! [Parent][RunMessage] Error: Channel closing: too late to send/recv, messages will be lost

1636079298841	geckodriver	INFO	Listening on 127.0.0.1:62973
1636079301846	mozrunner::runner	INFO	Running command: "C:\\Program Files\\Mozilla Firefox\\firefox.exe" "--marionette" "--remote-debugging-port" "62974" "-no-remote" "-profile" "C:\\Users\\Barreto\\AppData\\Local\\Temp\\rust_mozprofile3qESZc"
1636079302127	Marionette	INFO	Marionette enabled
console.warn: SearchSettings: "get: No settings file exists, new profile?" (new NotFoundError("Could not open the file at C:\\Users\\Barreto\\AppData\\Local\\Temp\\rust_mozprofile3qESZc\\search.json.mozlz4", (void 0)))
DevTools listening on ws://localhost:62974/devtools/browser/6cb7a9d7-59aa-4859-b4d8-3c01fc7cb645
1636079304126	Marionette	INFO	Listening on port 62981
1636079304501	RemoteAgent	WARN	TLS certificate errors will be ignored for this session
JavaScript warning: https://www.oddsportal.com/res/x/global-211025085801.js, line 1: unreachable code after return statement
JavaScript warning: https://www.oddsportal.com/res/x/global-211025085801.js, line 1: unreachable code after return statement
JavaScript warning: https://cdn.ftd.agency/libs/e.js, line 47: WEBGL_debug_renderer_info is deprecated in Firefox and will be removed. Please use RENDERER.
1636079335975	Marionette	INFO	Stopped listening on port 62981
console.warn: TopSitesFeed: Failed to fetch data from Contile server: NetworkError when attempting to fetch resource.
JavaScript error: chrome://remote/content/marionette/cert.js, line 55: NS_ERROR_NOT_AVAILABLE: Component returned failure code: 0x80040111 (NS_ERROR_NOT_AVAILABLE) [nsICertOverrideService.setDisableAllSecurityChecksAndLetAttackersInterceptMyData]

###!!! [Parent][RunMessage] Error: Channel closing: too late to send/recv, messages will be lost

1636079450279	geckodriver	INFO	Listening on 127.0.0.1:57131
1636079453270	mozrunner::runner	INFO	Running command: "C:\\Program Files\\Mozilla Firefox\\firefox.exe" "--marionette" "--remote-debugging-port" "57132" "-no-remote" "-profile" "C:\\Users\\Barreto\\AppData\\Local\\Temp\\rust_mozprofileRbV0il"
1636079453544	Marionette	INFO	Marionette enabled
console.warn: SearchSettings: "get: No settings file exists, new profile?" (new NotFoundError("Could not open the file at C:\\Users\\Barreto\\AppData\\Local\\Temp\\rust_mozprofileRbV0il\\search.json.mozlz4", (void 0)))
DevTools listening on ws://localhost:57132/devtools/browser/97c1c15a-3b7e-442d-b807-54306a45c6e3
1636079455481	Marionette	INFO	Listening on port 57138
1636079455929	RemoteAgent	WARN	TLS certificate errors will be ignored for this session
JavaScript warning: https://www.oddsportal.com/res/x/global-211025085801.js, line 1: unreachable code after return statement
JavaScript warning: https://www.oddsportal.com/res/x/global-211025085801.js, line 1: unreachable code after return statement
JavaScript warning: https://cdn.ftd.agency/libs/e.js, line 47: WEBGL_debug_renderer_info is deprecated in Firefox and will be removed. Please use RENDERER.
1636079474109	Marionette	INFO	Stopped listening on port 57138
1636079632826	geckodriver	INFO	Listening on 127.0.0.1:60260
1636079635826	mozrunner::runner	INFO	Running command: "C:\\Program Files\\Mozilla Firefox\\firefox.exe" "--marionette" "--remote-debugging-port" "60261" "-no-remote" "-profile" "C:\\Users\\Barreto\\AppData\\Local\\Temp\\rust_mozprofileT8gIzS"
1636079636133	Marionette	INFO	Marionette enabled
console.warn: SearchSettings: "get: No settings file exists, new profile?" (new NotFoundError("Could not open the file at C:\\Users\\Barreto\\AppData\\Local\\Temp\\rust_mozprofileT8gIzS\\search.json.mozlz4", (void 0)))
DevTools listening on ws://localhost:60261/devtools/browser/0e30c398-f507-4ded-b100-3fea6af5cf40
1636079637955	Marionette	INFO	Listening on port 60268
1636079638021	RemoteAgent	WARN	TLS certificate errors will be ignored for this session
JavaScript warning: https://www.oddsportal.com/res/x/global-211025085801.js, line 1: unreachable code after return statement
JavaScript warning: https://www.oddsportal.com/res/x/global-211025085801.js, line 1: unreachable code after return statement
1636079645373	Marionette	WARN	Ignoring event 'pageshow' because document has an invalid readyState of 'interactive'.
console.log: WebExtensions: reset-default-search: starting.
console.log: WebExtensions: reset-default-search: No addons in our list are installed.
1636080259036	Marionette	INFO	Stopped listening on port 60268
console.warn: TopSitesFeed: Failed to fetch data from Contile server: NetworkError when attempting to fetch resource.

###!!! [Parent][RunMessage] Error: Channel closing: too late to send/recv, messages will be lost

NotFoundError("Could not open the file at C:\\Users\\Barreto\\AppData\\Local\\Temp\\rust_mozprofileCVcACZ\\search.json.mozlz4", (void 0)))
DevTools listening on ws://localhost:60336/devtools/browser/62742ea9-202c-417d-8c53-79b6f6643ea2
1636079675429	Marionette	INFO	Listening on port 60342
1636079675748	RemoteAgent	WARN	TLS certificate errors will be ignored for this session
JavaScript warning: https://www.oddsportal.com/res/x/global-211025085801.js, line 1: unreachable code after return statement
JavaScript warning: https://www.oddsportal.com/res/x/global-211025085801.js, line 1: unreachable code after return statement
JavaScript warning: https://cdn.ftd.agency/libs/e.js, line 47: WEBGL_debug_renderer_info is deprecated in Firefox and will be removed. Please use RENDERER.
1636079696574	Marionette	INFO	Stopped listening on port 60342

###!!! [Parent][RunMessage] Error: Channel closing: too late to send/recv, messages will be lost

1636079729942	geckodriver	INFO	Listening on 127.0.0.1:60440
1636079732949	mozrunner::runner	INFO	Running command: "C:\\Program Files\\Mozilla Firefox\\firefox.exe" "--marionette" "--remote-debugging-port" "60441" "-no-remote" "-profile" "C:\\Users\\Barreto\\AppData\\Local\\Temp\\rust_mozprofileIHCm5Z"
1636079733227	Marionette	INFO	Marionette enabled
console.warn: SearchSettings: "get: No settings file exists, new profile?" (new NotFoundError("Could not open the file at C:\\Users\\Barreto\\AppData\\Local\\Temp\\rust_mozprofileIHCm5Z\\search.json.mozlz4", (void 0)))
DevTools listening on ws://localhost:60441/devtools/browser/6e2f2fe4-3100-4040-a242-78099aab0105
1636079735288	Marionette	INFO	Listening on port 60448
1636079735600	RemoteAgent	WARN	TLS certificate errors will be ignored for this session
JavaScript warning: https://www.oddsportal.com/res/x/global-211025085801.js, line 1: unreachable code after return statement
JavaScript warning: https://www.oddsportal.com/res/x/global-211025085801.js, line 1: unreachable code after return statement
JavaScript warning: https://cdn.ftd.agency/libs/e.js, line 47: WEBGL_debug_renderer_info is deprecated in Firefox and will be removed. Please use RENDERER.
1636079755449	Marionette	INFO	Stopped listening on port 60448

###!!! [Parent][RunMessage] Error: Channel closing: too late to send/recv, messages will be lost

1636080500516	geckodriver	INFO	Listening on 127.0.0.1:62579
1636080503510	mozrunner::runner	INFO	Running command: "C:\\Program Files\\Mozilla Firefox\\firefox.exe" "--marionette" "--remote-debugging-port" "62580" "-no-remote" "-profile" "C:\\Users\\Barreto\\AppData\\Local\\Temp\\rust_mozprofilePPJnVc"
1636080503820	Marionette	INFO	Marionette enabled
console.warn: SearchSettings: "get: No settings file exists, new profile?" (new NotFoundError("Could not open the file at C:\\Users\\Barreto\\AppData\\Local\\Temp\\rust_mozprofilePPJnVc\\search.json.mozlz4", (void 0)))
DevTools listening on ws://localhost:62580/devtools/browser/db59220a-7356-482a-a85d-702c44cc1702
1636080505762	Marionette	INFO	Listening on port 62588
1636080506188	RemoteAgent	WARN	TLS certificate errors will be ignored for this session
JavaScript warning: https://www.oddsportal.com/res/x/global-211025085801.js, line 1: unreachable code after return statement
JavaScript warning: https://www.oddsportal.com/res/x/global-211025085801.js, line 1: unreachable code after return statement
JavaScript warning: https://cdn.ftd.agency/libs/e.js, line 47: WEBGL_debug_renderer_info is deprecated in Firefox and will be removed. Please use RENDERER.
1636080514910	Marionette	INFO	Stopped listening on port 62588

###!!! [Parent][RunMessage] Error: Channel closing: too late to send/recv, messages will be lost

1636080652463	geckodriver	INFO	Listening on 127.0.0.1:62726
1636080655457	mozrunner::runner	INFO	Running command: "C:\\Program Files\\Mozilla Firefox\\firefox.exe" "--marionette" "--remote-debugging-port" "62727" "-no-remote" "-profile" "C:\\Users\\Barreto\\AppData\\Local\\Temp\\rust_mozprofilez3D6yc"
1636080655736	Marionette	INFO	Marionette enabled
console.warn: SearchSettings: "get: No settings file exists, new profile?" (new NotFoundError("Could not open the file at C:\\Users\\Barreto\\AppData\\Local\\Temp\\rust_mozprofilez3D6yc\\search.json.mozlz4", (void 0)))
DevTools listening on ws://localhost:62727/devtools/browser/3e3e3a0a-2272-4f3d-888d-4b56c31e8daf
1636080657623	Marionette	INFO	Listening on port 62734
1636080658140	RemoteAgent	WARN	TLS certificate errors will be ignored for this session
JavaScript warning: https://www.oddsportal.com/res/x/global-211025085801.js, line 1: unreachable code after return statement
JavaScript warning: https://www.oddsportal.com/res/x/global-211025085801.js, line 1: unreachable code after return statement
JavaScript warning: https://cdn.ftd.agency/libs/e.js, line 47: WEBGL_debug_renderer_info is deprecated in Firefox and will be removed. Please use RENDERER.
1636080666641	Marionette	INFO	Stopped listening on port 62734
1636080903720	geckodriver	INFO	Listening on 127.0.0.1:54156
1636080906719	mozrunner::runner	INFO	Running command: "C:\\Program Files\\Mozilla Firefox\\firefox.exe" "--marionette" "--remote-debugging-port" "54157" "-no-remote" "-profile" "C:\\Users\\Barreto\\AppData\\Local\\Temp\\rust_mozprofilehJVAtY"
1636080906997	Marionette	INFO	Marionette enabled
console.warn: SearchSettings: "get: No settings file exists, new profile?" (new NotFoundError("Could not open the file at C:\\Users\\Barreto\\AppData\\Local\\Temp\\rust_mozprofilehJVAtY\\search.json.mozlz4", (void 0)))
DevTools listening on ws://localhost:54157/devtools/browser/8c3e8245-ba68-4598-af18-e180f19468e4
1636080908974	Marionette	INFO	Listening on port 54164
1636080909388	RemoteAgent	WARN	TLS certificate errors will be ignored for this session
JavaScript warning: https://www.oddsportal.com/res/x/global-211025085801.js, line 1: unreachable code after return statement
JavaScript warning: https://www.oddsportal.com/res/x/global-211025085801.js, line 1: unreachable code after return statement
JavaScript warning: https://cdn.ftd.agency/libs/e.js, line 47: WEBGL_debug_renderer_info is deprecated in Firefox and will be removed. Please use RENDERER.
1636080921150	Marionette	INFO	Stopped listening on port 54164

###!!! [Parent][RunMessage] Error: Channel closing: too late to send/recv, messages will be lost

1636081331535	geckodriver	INFO	Listening on 127.0.0.1:54451
1636081334544	mozrunner::runner	INFO	Running command: "C:\\Program Files\\Mozilla Firefox\\firefox.exe" "--marionette" "--remote-debugging-port" "54452" "-no-remote" "-profile" "C:\\Users\\Barreto\\AppData\\Local\\Temp\\rust_mozprofilevadsRw"
1636081334820	Marionette	INFO	Marionette enabled
console.warn: SearchSettings: "get: No settings file exists, new profile?" (new NotFoundError("Could not open the file at C:\\Users\\Barreto\\AppData\\Local\\Temp\\rust_mozprofilevadsRw\\search.json.mozlz4", (void 0)))
DevTools listening on ws://localhost:54452/devtools/browser/9ccbf55b-0b21-40ad-9139-2ffebd3b5acc
1636081336748	Marionette	INFO	Listening on port 54458
1636081337220	RemoteAgent	WARN	TLS certificate errors will be ignored for this session
JavaScript warning: https://www.oddsportal.com/res/x/global-211025085801.js, line 1: unreachable code after return statement
JavaScript warning: https://www.oddsportal.com/res/x/global-211025085801.js, line 1: unreachable code after return statement
JavaScript warning: https://cdn.ftd.agency/libs/e.js, line 47: WEBGL_debug_renderer_info is deprecated in Firefox and will be removed. Please use RENDERER.
console.log: WebExtensions: reset-default-search: starting.
console.log: WebExtensions: reset-default-search: No addons in our list are installed.
JavaScript warning: https://www.oddsportal.com/res/x/global-211025085801.js, line 1: unreachable code after return statement
JavaScript warning: https://www.oddsportal.com/res/x/global-211025085801.js, line 1: unreachable code after return statement
JavaScript warning: https://www.oddsportal.com/res/x/global-211025085801.js, line 1: unreachable code after return statement
JavaScript warning: https://www.oddsportal.com/res/x/global-211025085801.js, line 1: unreachable code after return statement
JavaScript warning: https://cdn.ftd.agency/libs/e.js, line 47: WEBGL_debug_renderer_info is deprecated in Firefox and will be removed. Please use RENDERER.
JavaScript error: , line 0: NS_ERROR_NOT_AVAILABLE
1636083450352	Marionette	INFO	Stopped listening on port 54458
console.warn: TopSitesFeed: Failed to fetch data from Contile server: NetworkError when attempting to fetch resource.
JavaScript error: chrome://remote/content/marionette/cert.js, line 55: NS_ERROR_NOT_AVAILABLE: Component returned failure code: 0x80040111 (NS_ERROR_NOT_AVAILABLE) [nsICertOverrideService.setDisableAllSecurityChecksAndLetAttackersInterceptMyData]

###!!! [Parent][RunMessage] Error: Channel closing: too late to send/recv, messages will be lost

kxvsfp\\search.json.mozlz4", (void 0)))
DevTools listening on ws://localhost:55200/devtools/browser/65111b0a-23f0-4724-9b1c-dd247c239712
1636082386050	Marionette	INFO	Listening on port 55206
1636082386482	RemoteAgent	WARN	TLS certificate errors will be ignored for this session
JavaScript warning: https://www.oddsportal.com/res/x/global-211025085801.js, line 1: unreachable code after return statement
JavaScript warning: https://www.oddsportal.com/res/x/global-211025085801.js, line 1: unreachable code after return statement
JavaScript warning: https://cdn.ftd.agency/libs/e.js, line 47: WEBGL_debug_renderer_info is deprecated in Firefox and will be removed. Please use RENDERER.
console.log: WebExtensions: reset-default-search: starting.
console.log: WebExtensions: reset-default-search: No addons in our list are installed.
JavaScript error: , line 0: NS_ERROR_NOT_AVAILABLE
1636083449635	Marionette	INFO	Stopped listening on port 55206
console.warn: TopSitesFeed: Failed to fetch data from Contile server: NetworkError when attempting to fetch resource.
JavaScript error: chrome://remote/content/marionette/cert.js, line 55: NS_ERROR_NOT_AVAILABLE: Component returned failure code: 0x80040111 (NS_ERROR_NOT_AVAILABLE) [nsICertOverrideService.setDisableAllSecurityChecksAndLetAttackersInterceptMyData]

###!!! [Parent][RunMessage] Error: Channel closing: too late to send/recv, messages will be lost

521205	RemoteAgent	WARN	TLS certificate errors will be ignored for this session
JavaScript warning: https://www.oddsportal.com/res/x/global-211025085801.js, line 1: unreachable code after return statement
JavaScript warning: https://www.oddsportal.com/res/x/global-211025085801.js, line 1: unreachable code after return statement
JavaScript warning: https://cdn.ftd.agency/libs/e.js, line 47: WEBGL_debug_renderer_info is deprecated in Firefox and will be removed. Please use RENDERER.
console.log: WebExtensions: reset-default-search: starting.
console.log: WebExtensions: reset-default-search: No addons in our list are installed.
JavaScript error: , line 0: NS_ERROR_NOT_AVAILABLE
1636083449027	Marionette	INFO	Stopped listening on port 55375
console.warn: TopSitesFeed: Failed to fetch data from Contile server: NetworkError when attempting to fetch resource.
JavaScript error: chrome://remote/content/marionette/cert.js, line 55: NS_ERROR_NOT_AVAILABLE: Component returned failure code: 0x80040111 (NS_ERROR_NOT_AVAILABLE) [nsICertOverrideService.setDisableAllSecurityChecksAndLetAttackersInterceptMyData]

###!!! [Parent][RunMessage] Error: Channel closing: too late to send/recv, messages will be lost

609642	RemoteAgent	WARN	TLS certificate errors will be ignored for this session
JavaScript warning: https://www.oddsportal.com/res/x/global-211025085801.js, line 1: unreachable code after return statement
JavaScript warning: https://www.oddsportal.com/res/x/global-211025085801.js, line 1: unreachable code after return statement
JavaScript warning: https://cdn.ftd.agency/libs/e.js, line 47: WEBGL_debug_renderer_info is deprecated in Firefox and will be removed. Please use RENDERER.
1636082725142	Marionette	INFO	Stopped listening on port 62696
console.warn: TopSitesFeed: Failed to fetch data from Contile server: NetworkError when attempting to fetch resource.
JavaScript error: chrome://remote/content/marionette/cert.js, line 55: NS_ERROR_NOT_AVAILABLE: Component returned failure code: 0x80040111 (NS_ERROR_NOT_AVAILABLE) [nsICertOverrideService.setDisableAllSecurityChecksAndLetAttackersInterceptMyData]

###!!! [Parent][RunMessage] Error: Channel closing: too late to send/recv, messages will be lost

XDZB4w\\search.json.mozlz4", (void 0)))
DevTools listening on ws://localhost:62803/devtools/browser/5822c23e-fc00-4e55-9e97-a79a8e40650f
1636082662150	Marionette	INFO	Listening on port 62809
1636082662379	RemoteAgent	WARN	TLS certificate errors will be ignored for this session
JavaScript warning: https://www.oddsportal.com/res/x/global-211025085801.js, line 1: unreachable code after return statement
JavaScript warning: https://www.oddsportal.com/res/x/global-211025085801.js, line 1: unreachable code after return statement
JavaScript warning: https://cdn.ftd.agency/libs/e.js, line 47: WEBGL_debug_renderer_info is deprecated in Firefox and will be removed. Please use RENDERER.
1636082699265	Marionette	INFO	Stopped listening on port 62809
console.warn: TopSitesFeed: Failed to fetch data from Contile server: NetworkError when attempting to fetch resource.
JavaScript error: chrome://remote/content/marionette/cert.js, line 55: NS_ERROR_NOT_AVAILABLE: Component returned failure code: 0x80040111 (NS_ERROR_NOT_AVAILABLE) [nsICertOverrideService.setDisableAllSecurityChecksAndLetAttackersInterceptMyData]

###!!! [Parent][RunMessage] Error: Channel closing: too late to send/recv, messages will be lost

1636082951110	geckodriver	INFO	Listening on 127.0.0.1:63112
1636082954107	mozrunner::runner	INFO	Running command: "C:\\Program Files\\Mozilla Firefox\\firefox.exe" "--marionette" "--remote-debugging-port" "63113" "-no-remote" "-profile" "C:\\Users\\Barreto\\AppData\\Local\\Temp\\rust_mozprofilekIstFD"
1636082954385	Marionette	INFO	Marionette enabled
console.warn: SearchSettings: "get: No settings file exists, new profile?" (new NotFoundError("Could not open the file at C:\\Users\\Barreto\\AppData\\Local\\Temp\\rust_mozprofilekIstFD\\search.json.mozlz4", (void 0)))
DevTools listening on ws://localhost:63113/devtools/browser/4c02f429-7684-48f1-befe-046881decb41
1636082956276	Marionette	INFO	Listening on port 63119
1636082956779	RemoteAgent	WARN	TLS certificate errors will be ignored for this session
JavaScript warning: https://www.oddsportal.com/res/x/global-211025085801.js, line 1: unreachable code after return statement
JavaScript warning: https://www.oddsportal.com/res/x/global-211025085801.js, line 1: unreachable code after return statement
JavaScript warning: https://cdn.ftd.agency/libs/e.js, line 47: WEBGL_debug_renderer_info is deprecated in Firefox and will be removed. Please use RENDERER.
1636082965952	Marionette	INFO	Stopped listening on port 63119

###!!! [Parent][RunMessage] Error: Channel closing: too late to send/recv, messages will be lost

1636083012211	geckodriver	INFO	Listening on 127.0.0.1:63233
1636083015212	mozrunner::runner	INFO	Running command: "C:\\Program Files\\Mozilla Firefox\\firefox.exe" "--marionette" "--remote-debugging-port" "63234" "-no-remote" "-profile" "C:\\Users\\Barreto\\AppData\\Local\\Temp\\rust_mozprofileEgigAD"
1636083015489	Marionette	INFO	Marionette enabled
console.warn: SearchSettings: "get: No settings file exists, new profile?" (new NotFoundError("Could not open the file at C:\\Users\\Barreto\\AppData\\Local\\Temp\\rust_mozprofileEgigAD\\search.json.mozlz4", (void 0)))
DevTools listening on ws://localhost:63234/devtools/browser/73bd7aeb-34a8-41ca-b623-e963c38d04aa
1636083017497	Marionette	INFO	Listening on port 63241
1636083017874	RemoteAgent	WARN	TLS certificate errors will be ignored for this session
JavaScript warning: https://www.oddsportal.com/res/x/global-211025085801.js, line 1: unreachable code after return statement
JavaScript warning: https://www.oddsportal.com/res/x/global-211025085801.js, line 1: unreachable code after return statement
JavaScript warning: https://cdn.ftd.agency/libs/e.js, line 47: WEBGL_debug_renderer_info is deprecated in Firefox and will be removed. Please use RENDERER.
1636083026831	Marionette	INFO	Stopped listening on port 63241

###!!! [Parent][RunMessage] Error: Channel closing: too late to send/recv, messages will be lost

1636083096510	geckodriver	INFO	Listening on 127.0.0.1:63372
1636083099489	mozrunner::runner	INFO	Running command: "C:\\Program Files\\Mozilla Firefox\\firefox.exe" "--marionette" "--remote-debugging-port" "63373" "-no-remote" "-profile" "C:\\Users\\Barreto\\AppData\\Local\\Temp\\rust_mozprofileqXidlq"
1636083099772	Marionette	INFO	Marionette enabled
console.warn: SearchSettings: "get: No settings file exists, new profile?" (new NotFoundError("Could not open the file at C:\\Users\\Barreto\\AppData\\Local\\Temp\\rust_mozprofileqXidlq\\search.json.mozlz4", (void 0)))
DevTools listening on ws://localhost:63373/devtools/browser/2f8558ce-24da-49dc-81f0-97ddadc33b80
1636083101703	Marionette	INFO	Listening on port 63380
1636083102139	RemoteAgent	WARN	TLS certificate errors will be ignored for this session
JavaScript warning: https://www.oddsportal.com/res/x/global-211025085801.js, line 1: unreachable code after return statement
JavaScript warning: https://www.oddsportal.com/res/x/global-211025085801.js, line 1: unreachable code after return statement
JavaScript warning: https://cdn.ftd.agency/libs/e.js, line 47: WEBGL_debug_renderer_info is deprecated in Firefox and will be removed. Please use RENDERER.
1636083109811	Marionette	INFO	Stopped listening on port 63380

###!!! [Parent][RunMessage] Error: Channel closing: too late to send/recv, messages will be lost

1636083522809	geckodriver	INFO	Listening on 127.0.0.1:51944
1636083525795	mozrunner::runner	INFO	Running command: "C:\\Program Files\\Mozilla Firefox\\firefox.exe" "--marionette" "--remote-debugging-port" "51945" "-no-remote" "-profile" "C:\\Users\\Barreto\\AppData\\Local\\Temp\\rust_mozprofileETD2ij"
1636083526099	Marionette	INFO	Marionette enabled
console.warn: SearchSettings: "get: No settings file exists, new profile?" (new NotFoundError("Could not open the file at C:\\Users\\Barreto\\AppData\\Local\\Temp\\rust_mozprofileETD2ij\\search.json.mozlz4", (void 0)))
DevTools listening on ws://localhost:51945/devtools/browser/1a13bdd0-edda-4eeb-b2a1-debf70639e15
1636083527999	Marionette	INFO	Listening on port 51951
1636083528453	RemoteAgent	WARN	TLS certificate errors will be ignored for this session
JavaScript warning: https://www.oddsportal.com/res/x/global-211025085801.js, line 1: unreachable code after return statement
JavaScript warning: https://www.oddsportal.com/res/x/global-211025085801.js, line 1: unreachable code after return statement
JavaScript warning: https://cdn.ftd.agency/libs/e.js, line 47: WEBGL_debug_renderer_info is deprecated in Firefox and will be removed. Please use RENDERER.
1636083540771	Marionette	INFO	Stopped listening on port 51951636083541725	mozrunner::runner	INFO	Running command: "C:\\Program Files\\Mozilla Firefox\\firefox.exe" "--marionette" "--remote-debugging-port" "52032" "-no-remote" "-profile" "C:\\Users\\Barreto\\AppData\\Local\\Temp\\rust_mozprofileQWt83V"
1636083542031	Marionette	INFO	Marionette enabled
console.warn: SearchSettings: "get: No settings file exists, new profile?" (new NotFoundError("Could not open the file at C:\\Users\\Barreto\\AppData\\Local\\Temp\\rust_mozprofileQWt83V\\search.json.mozlz4", (void 0)))
DevTools listening on ws://localhost:52032/devtools/browser/f83d306f-1aff-4642-8e1c-808ef8f50891
1636083543743	Marionette	INFO	Listening on port 52039
1636083543803	RemoteAgent	WARN	TLS certificate errors will be ignored for this session
JavaScript warning: https://www.oddsportal.com/res/x/global-211025085801.js, line 1: unreachable code after return statement
JavaScript warning: https://www.oddsportal.com/res/x/global-211025085801.js, line 1: unreachable code after return statement
JavaScript warning: https://cdn.ftd.agency/libs/e.js, line 47: WEBGL_debug_renderer_info is deprecated in Firefox and will be removed. Please use RENDERER.
1636083552841	Marionette	INFO	Stopped listening on port 52039

###!!! [Parent][RunMessage] Error: Channel closing: too late to send/recv, messages will be lost

1636083601742	geckodriver	INFO	Listening on 127.0.0.1:63516
1636083604739	mozrunner::runner	INFO	Running command: "C:\\Program Files\\Mozilla Firefox\\firefox.exe" "--marionette" "--remote-debugging-port" "63517" "-no-remote" "-profile" "C:\\Users\\Barreto\\AppData\\Local\\Temp\\rust_mozprofileSnZyPA"
1636083605025	Marionette	INFO	Marionette enabled
console.warn: SearchSettings: "get: No settings file exists, new profile?" (new NotFoundError("Could not open the file at C:\\Users\\Barreto\\AppData\\Local\\Temp\\rust_mozprofileSnZyPA\\search.json.mozlz4", (void 0)))
DevTools listening on ws://localhost:63517/devtools/browser/0354711f-2a8e-4d40-88b7-2fc1fee1bed4
1636083606857	Marionette	INFO	Listening on port 63523
1636083606907	RemoteAgent	WARN	TLS certificate errors will be ignored for this session
JavaScript warning: https://www.oddsportal.com/res/x/global-211025085801.js, line 1: unreachable code after return statement
JavaScript warning: https://www.oddsportal.com/res/x/global-211025085801.js, line 1: unreachable code after return statement
JavaScript warning: https://cdn.ftd.agency/libs/e.js, line 47: WEBGL_debug_renderer_info is deprecated in Firefox and will be removed. Please use RENDERER.
1636083629200	Marionette	INFO	Stopped listening on port 63523
console.warn: TopSitesFeed: Failed to fetch data from Contile server: NetworkError when attempting to fetch resource.
JavaScript error: chrome://remote/content/marionette/cert.js, line 55: NS_ERROR_NOT_AVAILABLE: Component returned failure code: 0x80040111 (NS_ERROR_NOT_AVAILABLE) [nsICertOverrideService.setDisableAllSecurityChecksAndLetAttackersInterceptMyData]

###!!! [Parent][RunMessage] Error: Channel closing: too late to send/recv, messages will be lost

1636083631075	geckodriver	INFO	Listening on 127.0.0.1:63615
1636083634072	mozrunner::runner	INFO	Running command: "C:\\Program Files\\Mozilla Firefox\\firefox.exe" "--marionette" "--remote-debugging-port" "63616" "-no-remote" "-profile" "C:\\Users\\Barreto\\AppData\\Local\\Temp\\rust_mozprofileWNsHxU"
1636083634358	Marionette	INFO	Marionette enabled
console.warn: SearchSettings: "get: No settings file exists, new profile?" (new NotFoundError("Could not open the file at C:\\Users\\Barreto\\AppData\\Local\\Temp\\rust_mozprofileWNsHxU\\search.json.mozlz4", (void 0)))
DevTools listening on ws://localhost:63616/devtools/browser/b68c4da5-f269-4167-bb05-0527591edf80
1636083636143	Marionette	INFO	Listening on port 63623
1636083636226	RemoteAgent	WARN	TLS certificate errors will be ignored for this session
1636083637492	Marionette	INFO	Stopped listening on port 63623
console.warn: TopSitesFeed: Failed to fetch data from Contile server: NetworkError when attempting to fetch resource.
JavaScript error: chrome://remote/content/marionette/cert.js, line 55: NS_ERROR_NOT_AVAILABLE: Component returned failure code: 0x80040111 (NS_ERROR_NOT_AVAILABLE) [nsICertOverrideService.setDisableAllSecurityChecksAndLetAttackersInterceptMyData]

###!!! [Parent][RunMessage] Error: Channel closing: too late to send/recv, messages will be lost

1636083660820	geckodriver	INFO	Listening on 127.0.0.1:63682
1636083663822	mozrunner::runner	INFO	Running command: "C:\\Program Files\\Mozilla Firefox\\firefox.exe" "--marionette" "--remote-debugging-port" "63683" "-no-remote" "-profile" "C:\\Users\\Barreto\\AppData\\Local\\Temp\\rust_mozprofilewNVuhE"
1636083664118	Marionette	INFO	Marionette enabled
console.warn: SearchSettings: "get: No settings file exists, new profile?" (new NotFoundError("Could not open the file at C:\\Users\\Barreto\\AppData\\Local\\Temp\\rust_mozprofilewNVuhE\\search.json.mozlz4", (void 0)))
DevTools listening on ws://localhost:63683/devtools/browser/fcdec588-bdcf-4d19-9beb-d8a03ee7e68d
1636083666045	Marionette	INFO	Listening on port 63690
1636083666481	RemoteAgent	WARN	TLS certificate errors will be ignored for this session
JavaScript warning: https://www.oddsportal.com/res/x/global-211025085801.js, line 1: unreachable code after return statement
JavaScript warning: https://www.oddsportal.com/res/x/global-211025085801.js, line 1: unreachable code after return statement
JavaScript warning: https://cdn.ftd.agency/libs/e.js, line 47: WEBGL_debug_renderer_info is deprecated in Firefox and will be removed. Please use RENDERER.
1636083683811	Marionette	INFO	Stopped listening on port 63690
console.warn: TopSitesFeed: Failed to fetch data from Contile server: NetworkError when attempting to fetch resource.
JavaScript error: chrome://remote/content/marionette/cert.js, line 55: NS_ERROR_NOT_AVAILABLE: Component returned failure code: 0x80040111 (NS_ERROR_NOT_AVAILABLE) [nsICertOverrideService.setDisableAllSecurityChecksAndLetAttackersInterceptMyData]

###!!! [Parent][RunMessage] Error: Channel closing: too late to send/recv, messages will be lost

1636083717777	geckodriver	INFO	Listening on 127.0.0.1:61014
1636083720783	mozrunner::runner	INFO	Running command: "C:\\Program Files\\Mozilla Firefox\\firefox.exe" "--marionette" "--remote-debugging-port" "61015" "-no-remote" "-profile" "C:\\Users\\Barreto\\AppData\\Local\\Temp\\rust_mozprofilefzJX4D"
1636083721063	Marionette	INFO	Marionette enabled
console.warn: SearchSettings: "get: No settings file exists, new profile?" (new NotFoundError("Could not open the file at C:\\Users\\Barreto\\AppData\\Local\\Temp\\rust_mozprofilefzJX4D\\search.json.mozlz4", (void 0)))
DevTools listening on ws://localhost:61015/devtools/browser/b50310b5-d555-43f2-b49b-ed73e297fed3
1636083723027	Marionette	INFO	Listening on port 61022
1636083723460	RemoteAgent	WARN	TLS certificate errors will be ignored for this session
JavaScript warning: https://www.oddsportal.com/res/x/global-211025085801.js, line 1: unreachable code after return statement
JavaScript warning: https://www.oddsportal.com/res/x/global-211025085801.js, line 1: unreachable code after return statement
JavaScript warning: https://cdn.ftd.agency/libs/e.js, line 47: WEBGL_debug_renderer_info is deprecated in Firefox and will be removed. Please use RENDERER.
1636083748354	Marionette	INFO	Stopped listening on port 61022
console.warn: TopSitesFeed: Failed to fetch data from Contile server: NetworkError when attempting to fetch resource.
JavaScript error: chrome://remote/content/marionette/cert.js, line 55: NS_ERROR_NOT_AVAILABLE: Component returned failure code: 0x80040111 (NS_ERROR_NOT_AVAILABLE) [nsICertOverrideService.setDisableAllSecurityChecksAndLetAttackersInterceptMyData]

###!!! [Parent][RunMessage] Error: Channel closing: too late to send/recv, messages will be lost

1636083773823	geckodriver	INFO	Listening on 127.0.0.1:61121
1636083776819	mozrunner::runner	INFO	Running command: "C:\\Program Files\\Mozilla Firefox\\firefox.exe" "--marionette" "--remote-debugging-port" "61122" "-no-remote" "-profile" "C:\\Users\\Barreto\\AppData\\Local\\Temp\\rust_mozprofileXDV7pv"
1636083777093	Marionette	INFO	Marionette enabled
console.warn: SearchSettings: "get: No settings file exists, new profile?" (new NotFoundError("Could not open the file at C:\\Users\\Barreto\\AppData\\Local\\Temp\\rust_mozprofileXDV7pv\\search.json.mozlz4", (void 0)))
DevTools listening on ws://localhost:61122/devtools/browser/8910ff11-0fda-4c82-9897-70a977cbe150
1636083778916	Marionette	INFO	Listening on port 61128
1636083778976	RemoteAgent	WARN	TLS certificate errors will be ignored for this session
JavaScript warning: https://www.oddsportal.com/res/x/global-211025085801.js, line 1: unreachable code after return statement
JavaScript warning: https://www.oddsportal.com/res/x/global-211025085801.js, line 1: unreachable code after return statement
JavaScript warning: https://cdn.ftd.agency/libs/e.js, line 47: WEBGL_debug_renderer_info is deprecated in Firefox and will be removed. Please use RENDERER.
1636083786341	Marionette	INFO	Stopped listening on port 61128

###!!! [Parent][RunMessage] Error: Channel closing: too late to send/recv, messages will be lost

1636083881320	geckodriver	INFO	Listening on 127.0.0.1:61247
1636083884309	mozrunner::runner	INFO	Running command: "C:\\Program Files\\Mozilla Firefox\\firefox.exe" "--marionette" "--remote-debugging-port" "61248" "-no-remote" "-profile" "C:\\Users\\Barreto\\AppData\\Local\\Temp\\rust_mozprofileG3gQ9y"
1636083884616	Marionette	INFO	Marionette enabled
console.warn: SearchSettings: "get: No settings file exists, new profile?" (new NotFoundError("Could not open the file at C:\\Users\\Barreto\\AppData\\Local\\Temp\\rust_mozprofileG3gQ9y\\search.json.mozlz4", (void 0)))
DevTools listening on ws://localhost:61248/devtools/browser/924ab71a-4d31-4d4f-b3ce-c3fe9077a702
1636083886614	Marionette	INFO	Listening on port 61254
1636083886971	RemoteAgent	WARN	TLS certificate errors will be ignored for this session
JavaScript warning: https://www.oddsportal.com/res/x/global-211025085801.js, line 1: unreachable code after return statement
JavaScript warning: https://www.oddsportal.com/res/x/global-211025085801.js, line 1: unreachable code after return statement
JavaScript warning: https://cdn.ftd.agency/libs/e.js, line 47: WEBGL_debug_renderer_info is deprecated in Firefox and will be removed. Please use RENDERER.
1636083953109	Marionette	INFO	Stopped listening on port 61254
console.warn: TopSitesFeed: Failed to fetch data from Contile server: NetworkError when attempting to fetch resource.

###!!! [Parent][RunMessage] Error: Channel closing: too late to send/recv, messages will be lost

_mozprofilef4jgpE"
1636083911518	Marionette	INFO	Marionette enabled
console.warn: SearchSettings: "get: No settings file exists, new profile?" (new NotFoundError("Could not open the file at C:\\Users\\Barreto\\AppData\\Local\\Temp\\rust_mozprofilef4jgpE\\search.json.mozlz4", (void 0)))
DevTools listening on ws://localhost:59730/devtools/browser/b001cbb7-370c-4b42-877b-0c0615496be7
1636083913327	Marionette	INFO	Listening on port 59736
1636083913402	RemoteAgent	WARN	TLS certificate errors will be ignored for this session
JavaScript warning: https://www.oddsportal.com/res/x/global-211025085801.js, line 1: unreachable code after return statement
JavaScript warning: https://www.oddsportal.com/res/x/global-211025085801.js, line 1: unreachable code after return statement
JavaScript warning: https://cdn.ftd.agency/libs/e.js, line 47: WEBGL_debug_renderer_info is deprecated in Firefox and will be removed. Please use RENDERER.
1636083922167	Marionette	INFO	Stopped listening on port 59736

###!!! [Parent][RunMessage] Error: Channel closing: too late to send/recv, messages will be lost

1636084111450	geckodriver	INFO	Listening on 127.0.0.1:59548
1636084114458	mozrunner::runner	INFO	Running command: "C:\\Program Files\\Mozilla Firefox\\firefox.exe" "--marionette" "--remote-debugging-port" "59549" "-no-remote" "-profile" "C:\\Users\\Barreto\\AppData\\Local\\Temp\\rust_mozprofileArcbud"
1636084114766	Marionette	INFO	Marionette enabled
console.warn: SearchSettings: "get: No settings file exists, new profile?" (new NotFoundError("Could not open the file at C:\\Users\\Barreto\\AppData\\Local\\Temp\\rust_mozprofileArcbud\\search.json.mozlz4", (void 0)))
DevTools listening on ws://localhost:59549/devtools/browser/c6976508-24b2-43f7-b0e7-b4f1fc592981
1636084116620	Marionette	INFO	Listening on port 59556
1636084117105	RemoteAgent	WARN	TLS certificate errors will be ignored for this session
JavaScript warning: https://www.oddsportal.com/res/x/global-211025085801.js, line 1: unreachable code after return statement
JavaScript warning: https://www.oddsportal.com/res/x/global-211025085801.js, line 1: unreachable code after return statement
JavaScript warning: https://cdn.ftd.agency/libs/e.js, line 47: WEBGL_debug_renderer_info is deprecated in Firefox and will be removed. Please use RENDERER.
1636084124718	Marionette	INFO	Stopped listening on port 59556

###!!! [Parent][RunMessage] Error: Channel closing: too late to send/recv, messages will be lost

1636084136747	geckodriver	INFO	Listening on 127.0.0.1:59639
1636084139768	mozrunner::runner	INFO	Running command: "C:\\Program Files\\Mozilla Firefox\\firefox.exe" "--marionette" "--remote-debugging-port" "59640" "-no-remote" "-profile" "C:\\Users\\Barreto\\AppData\\Local\\Temp\\rust_mozprofilewi3lFf"
1636084140063	Marionette	INFO	Marionette enabled
console.warn: SearchSettings: "get: No settings file exists, new profile?" (new NotFoundError("Could not open the file at C:\\Users\\Barreto\\AppData\\Local\\Temp\\rust_mozprofilewi3lFf\\search.json.mozlz4", (void 0)))
DevTools listening on ws://localhost:59640/devtools/browser/8d2deaea-d821-441e-a34a-4e9771278ce2
1636084141952	Marionette	INFO	Listening on port 59647
1636084142429	RemoteAgent	WARN	TLS certificate errors will be ignored for this session
JavaScript warning: https://www.oddsportal.com/res/x/global-211025085801.js, line 1: unreachable code after return statement
JavaScript warning: https://www.oddsportal.com/res/x/global-211025085801.js, line 1: unreachable code after return statement
JavaScript warning: https://cdn.ftd.agency/libs/e.js, line 47: WEBGL_debug_renderer_info is deprecated in Firefox and will be removed. Please use RENDERER.
1636084149832	Marionette	INFO	Stopped listening on port 59647
1636084372890	geckodriver	INFO	Listening on 127.0.0.1:56627
1636084375885	mozrunner::runner	INFO	Running command: "C:\\Program Files\\Mozilla Firefox\\firefox.exe" "--marionette" "--remote-debugging-port" "56628" "-no-remote" "-profile" "C:\\Users\\Barreto\\AppData\\Local\\Temp\\rust_mozprofileEZSiqZ"
1636084376174	Marionette	INFO	Marionette enabled
console.warn: SearchSettings: "get: No settings file exists, new profile?" (new NotFoundError("Could not open the file at C:\\Users\\Barreto\\AppData\\Local\\Temp\\rust_mozprofileEZSiqZ\\search.json.mozlz4", (void 0)))
DevTools listening on ws://localhost:56628/devtools/browser/dcc5bf83-79f1-4cb9-b7ef-266ca14f83d2
1636084377874	Marionette	INFO	Listening on port 56634
1636084377929	RemoteAgent	WARN	TLS certificate errors will be ignored for this session
JavaScript warning: https://www.oddsportal.com/res/x/global-211025085801.js, line 1: unreachable code after return statement
JavaScript warning: https://www.oddsportal.com/res/x/global-211025085801.js, line 1: unreachable code after return statement
JavaScript warning: https://cdn.ftd.agency/libs/e.js, line 47: WEBGL_debug_renderer_info is deprecated in Firefox and will be removed. Please use RENDERER.
1636084386791	Marionette	INFO	Stopped listening on port 56634

###!!! [Parent][RunMessage] Error: Channel closing: too late to send/recv, messages will be lost

1636084506785	geckodriver	INFO	Listening on 127.0.0.1:58202
1636084509770	mozrunner::runner	INFO	Running command: "C:\\Program Files\\Mozilla Firefox\\firefox.exe" "--marionette" "--remote-debugging-port" "58203" "-no-remote" "-profile" "C:\\Users\\Barreto\\AppData\\Local\\Temp\\rust_mozprofileeVMfxm"
1636084510045	Marionette	INFO	Marionette enabled
console.warn: SearchSettings: "get: No settings file exists, new profile?" (new NotFoundError("Could not open the file at C:\\Users\\Barreto\\AppData\\Local\\Temp\\rust_mozprofileeVMfxm\\search.json.mozlz4", (void 0)))
DevTools listening on ws://localhost:58203/devtools/browser/bf350d17-3aa3-4485-919c-1ba4af88281f
1636084511892	Marionette	INFO	Listening on port 58209
1636084511922	RemoteAgent	WARN	TLS certificate errors will be ignored for this session
JavaScript warning: https://www.oddsportal.com/res/x/global-211025085801.js, line 1: unreachable code after return statement
JavaScript warning: https://www.oddsportal.com/res/x/global-211025085801.js, line 1: unreachable code after return statement
JavaScript warning: https://cdn.ftd.agency/libs/e.js, line 47: WEBGL_debug_renderer_info is deprecated in Firefox and will be removed. Please use RENDERER.
1636084530320	Marionette	INFO	Stopped listening on port 58209
JavaScript error: chrome://remote/content/marionette/cert.js, line 55: NS_ERROR_NOT_AVAILABLE: Component returned failure code: 0x80040111 (NS_ERROR_NOT_AVAILABLE) [nsICertOverrideService.setDisableAllSecurityChecksAndLetAttackersInterceptMyData]

###!!! [Parent][RunMessage] Error: Channel closing: too late to send/recv, messages will be lost

1636084556121	geckodriver	INFO	Listening on 127.0.0.1:58300
1636084559107	mozrunner::runner	INFO	Running command: "C:\\Program Files\\Mozilla Firefox\\firefox.exe" "--marionette" "--remote-debugging-port" "58301" "-no-remote" "-profile" "C:\\Users\\Barreto\\AppData\\Local\\Temp\\rust_mozprofilerHb7dw"
1636084559385	Marionette	INFO	Marionette enabled
console.warn: SearchSettings: "get: No settings file exists, new profile?" (new NotFoundError("Could not open the file at C:\\Users\\Barreto\\AppData\\Local\\Temp\\rust_mozprofilerHb7dw\\search.json.mozlz4", (void 0)))
DevTools listening on ws://localhost:58301/devtools/browser/44fbffcf-60c5-4e21-956d-436777a0d1c9
1636084561211	Marionette	INFO	Listening on port 58307
1636084561264	RemoteAgent	WARN	TLS certificate errors will be ignored for this session
JavaScript warning: https://www.oddsportal.com/res/x/global-211025085801.js, line 1: unreachable code after return statement
JavaScript warning: https://www.oddsportal.com/res/x/global-211025085801.js, line 1: unreachable code after return statement
JavaScript warning: https://cdn.ftd.agency/libs/e.js, line 47: WEBGL_debug_renderer_info is deprecated in Firefox and will be removed. Please use RENDERER.
1636084568663	Marionette	INFO	Stopped listening on port 58307

###!!! [Parent][RunMessage] Error: Channel closing: too late to send/recv, messages will be lost

